<?xml version="1.0" encoding="UTF-8"?>
<coverage generated="1651075627849" clover="3.2.0">
  <project timestamp="1651075627849" name="All files">
    <metrics statements="30" coveredstatements="24" conditionals="4" coveredconditionals="3" methods="11" coveredmethods="9" elements="45" coveredelements="36" complexity="0" loc="30" ncloc="30" packages="1" files="2" classes="2"/>
    <file name="SumOf.js" path="/Users/nomann/MV/MV/OOPinAirport/SumOf.js">
      <metrics statements="4" coveredstatements="4" conditionals="0" coveredconditionals="0" methods="3" coveredmethods="3"/>
      <line num="5" count="3" type="stmt"/>
      <line num="9" count="1" type="stmt"/>
      <line num="13" count="1" type="stmt"/>
      <line num="19" count="1" type="stmt"/>
    </file>
    <file name="airport.js" path="/Users/nomann/MV/MV/OOPinAirport/airport.js">
      <metrics statements="26" coveredstatements="20" conditionals="4" coveredconditionals="3" methods="8" coveredmethods="6"/>
      <line num="3" count="5" type="stmt"/>
      <line num="6" count="3" type="cond" truecount="2" falsecount="0"/>
      <line num="7" count="1" type="stmt"/>
      <line num="8" count="2" type="stmt"/>
      <line num="12" count="1" type="stmt"/>
      <line num="13" count="1" type="stmt"/>
      <line num="15" count="0" type="stmt"/>
      <line num="19" count="3" type="stmt"/>
      <line num="21" count="3" type="stmt"/>
      <line num="22" count="3" type="stmt"/>
      <line num="23" count="3" type="stmt"/>
      <line num="26" count="1" type="stmt"/>
      <line num="34" count="0" type="stmt"/>
      <line num="38" count="2" type="stmt"/>
      <line num="40" count="2" type="stmt"/>
      <line num="43" count="1" type="stmt"/>
      <line num="50" count="0" type="stmt"/>
      <line num="51" count="0" type="stmt"/>
      <line num="52" count="0" type="stmt"/>
      <line num="56" count="1" type="stmt"/>
      <line num="57" count="1" type="stmt"/>
      <line num="58" count="1" type="stmt"/>
      <line num="59" count="1" type="stmt"/>
      <line num="61" count="1" type="cond" truecount="1" falsecount="1"/>
      <line num="62" count="0" type="stmt"/>
      <line num="64" count="1" type="stmt"/>
    </file>
  </project>
</coverage>
