{"/Users/nomann/MV/MV/OOPinAirport/SumOf.js": {"path":"/Users/nomann/MV/MV/OOPinAirport/SumOf.js","statementMap":{"0":{"start":{"line":5,"column":8},"end":{"line":5,"column":20}},"1":{"start":{"line":9,"column":8},"end":{"line":9,"column":20}},"2":{"start":{"line":13,"column":8},"end":{"line":13,"column":18}},"3":{"start":{"line":19,"column":0},"end":{"line":19,"column":22}}},"fnMap":{"0":{"name":"(anonymous_0)","decl":{"start":{"line":3,"column":4},"end":{"line":3,"column":5}},"loc":{"start":{"line":3,"column":14},"end":{"line":6,"column":5}},"line":3},"1":{"name":"(anonymous_1)","decl":{"start":{"line":8,"column":4},"end":{"line":8,"column":5}},"loc":{"start":{"line":8,"column":17},"end":{"line":10,"column":5}},"line":8},"2":{"name":"(anonymous_2)","decl":{"start":{"line":12,"column":4},"end":{"line":12,"column":5}},"loc":{"start":{"line":12,"column":17},"end":{"line":14,"column":5}},"line":12}},"branchMap":{},"s":{"0":3,"1":1,"2":1,"3":1},"f":{"0":3,"1":1,"2":1},"b":{},"_coverageSchema":"1a1c01bbd47fc00a2c39e90264f33305004495a9","hash":"94aa15f13cba086155dba06d436e177a1591f62a"}
,"/Users/nomann/MV/MV/OOPinAirport/airport.js": {"path":"/Users/nomann/MV/MV/OOPinAirport/airport.js","statementMap":{"0":{"start":{"line":3,"column":8},"end":{"line":3,"column":28}},"1":{"start":{"line":6,"column":8},"end":{"line":8,"column":9}},"2":{"start":{"line":7,"column":12},"end":{"line":7,"column":38}},"3":{"start":{"line":8,"column":9},"end":{"line":8,"column":39}},"4":{"start":{"line":12,"column":0},"end":{"line":16,"column":1}},"5":{"start":{"line":13,"column":16},"end":{"line":13,"column":27}},"6":{"start":{"line":15,"column":4},"end":{"line":15,"column":18}},"7":{"start":{"line":19,"column":9},"end":{"line":19,"column":11}},"8":{"start":{"line":21,"column":8},"end":{"line":21,"column":25}},"9":{"start":{"line":22,"column":8},"end":{"line":22,"column":45}},"10":{"start":{"line":23,"column":8},"end":{"line":23,"column":36}},"11":{"start":{"line":26,"column":8},"end":{"line":26,"column":27}},"12":{"start":{"line":34,"column":8},"end":{"line":34,"column":22}},"13":{"start":{"line":38,"column":14},"end":{"line":38,"column":16}},"14":{"start":{"line":40,"column":8},"end":{"line":40,"column":22}},"15":{"start":{"line":43,"column":8},"end":{"line":43,"column":38}},"16":{"start":{"line":50,"column":8},"end":{"line":50,"column":23}},"17":{"start":{"line":51,"column":8},"end":{"line":51,"column":32}},"18":{"start":{"line":52,"column":8},"end":{"line":52,"column":36}},"19":{"start":{"line":56,"column":13},"end":{"line":56,"column":41}},"20":{"start":{"line":57,"column":13},"end":{"line":57,"column":57}},"21":{"start":{"line":58,"column":17},"end":{"line":58,"column":28}},"22":{"start":{"line":59,"column":0},"end":{"line":59,"column":18}},"23":{"start":{"line":61,"column":0},"end":{"line":63,"column":1}},"24":{"start":{"line":62,"column":4},"end":{"line":62,"column":26}},"25":{"start":{"line":64,"column":0},"end":{"line":64,"column":36}}},"fnMap":{"0":{"name":"(anonymous_0)","decl":{"start":{"line":2,"column":4},"end":{"line":2,"column":5}},"loc":{"start":{"line":2,"column":23},"end":{"line":4,"column":5}},"line":2},"1":{"name":"(anonymous_1)","decl":{"start":{"line":5,"column":4},"end":{"line":5,"column":5}},"loc":{"start":{"line":5,"column":17},"end":{"line":9,"column":5}},"line":5},"2":{"name":"(anonymous_2)","decl":{"start":{"line":20,"column":4},"end":{"line":20,"column":5}},"loc":{"start":{"line":20,"column":49},"end":{"line":24,"column":5}},"line":20},"3":{"name":"(anonymous_3)","decl":{"start":{"line":25,"column":4},"end":{"line":25,"column":5}},"loc":{"start":{"line":25,"column":15},"end":{"line":27,"column":5}},"line":25},"4":{"name":"(anonymous_4)","decl":{"start":{"line":33,"column":4},"end":{"line":33,"column":5}},"loc":{"start":{"line":33,"column":21},"end":{"line":35,"column":5}},"line":33},"5":{"name":"(anonymous_5)","decl":{"start":{"line":39,"column":4},"end":{"line":39,"column":5}},"loc":{"start":{"line":39,"column":21},"end":{"line":41,"column":5}},"line":39},"6":{"name":"(anonymous_6)","decl":{"start":{"line":42,"column":4},"end":{"line":42,"column":5}},"loc":{"start":{"line":42,"column":20},"end":{"line":45,"column":5}},"line":42},"7":{"name":"(anonymous_7)","decl":{"start":{"line":49,"column":4},"end":{"line":49,"column":5}},"loc":{"start":{"line":49,"column":42},"end":{"line":53,"column":5}},"line":49}},"branchMap":{"0":{"loc":{"start":{"line":6,"column":8},"end":{"line":8,"column":9}},"type":"if","locations":[{"start":{"line":6,"column":8},"end":{"line":8,"column":9}},{"start":{},"end":{}}],"line":6},"1":{"loc":{"start":{"line":61,"column":0},"end":{"line":63,"column":1}},"type":"if","locations":[{"start":{"line":61,"column":0},"end":{"line":63,"column":1}},{"start":{},"end":{}}],"line":61}},"s":{"0":5,"1":3,"2":1,"3":2,"4":1,"5":1,"6":0,"7":3,"8":3,"9":3,"10":3,"11":1,"12":0,"13":2,"14":2,"15":1,"16":0,"17":0,"18":0,"19":1,"20":1,"21":1,"22":1,"23":1,"24":0,"25":1},"f":{"0":5,"1":3,"2":3,"3":1,"4":0,"5":2,"6":1,"7":0},"b":{"0":[1,2],"1":[0,1]},"_coverageSchema":"1a1c01bbd47fc00a2c39e90264f33305004495a9","hash":"4cbccbc9fbe88287296f441278c74883f17f2f8d"}
}
